2018-10-15 14:11:02.171 [TestNG-test=TC#1 Checkout Header - Verify the layout of the header on the checkout pages (Shipping, Billing, Submit Order, Confirmation).-1] INFO  resources.base - TC1 Verified 4. Verify that you are taken to the Secure Checkout landing page
2018-10-15 14:11:09.581 [TestNG-test=TC#1 Checkout Header - Verify the layout of the header on the checkout pages (Shipping, Billing, Submit Order, Confirmation).-1] INFO  resources.base - TC1 Verified 11. Verify that the shipping address information you entered at the previous page is automatically populated in the billing address area
2018-10-15 14:11:09.659 [TestNG-test=TC#1 Checkout Header - Verify the layout of the header on the checkout pages (Shipping, Billing, Submit Order, Confirmation).-1] INFO  resources.base - TC1 Verified 10. At the Billing page, verify that the page header matches that from the Shipping page
2018-10-15 14:11:50.426 [TestNG-test=TC#1 Checkout Header - Verify the layout of the header on the checkout pages (Shipping, Billing, Submit Order, Confirmation).-1] INFO  resources.base - TC1 Verified 17. Verify that you are taken back to Brookstone main page
2018-10-15 14:13:11.103 [TestNG-test=TC#2 Checkout Header - Verify the functionality of header elements on the checkout pages.-1] INFO  resources.base - TC2 Verified 6: Verify that you are taken to the site home page
2018-10-15 14:13:40.471 [TestNG-test=TC#2 Checkout Header - Verify the functionality of header elements on the checkout pages.-1] INFO  resources.base - TC2 Verified 11: Verify that you are taken back to the Shopping Cart page.
2018-10-15 14:14:03.017 [TestNG-test=TC#2 Checkout Header - Verify the functionality of header elements on the checkout pages.-1] INFO  resources.base - TC2 Verified 15. Verify that you are taken to the My Account Login page.
2018-10-15 14:14:30.895 [TestNG-test=TC#2 Checkout Header - Verify the functionality of header elements on the checkout pages.-1] INFO  resources.base - TC2 Verified 15. Verify that you are taken to the My Account Login page.
2018-10-15 14:14:55.836 [TestNG-test=TC#2 Checkout Header - Verify the functionality of header elements on the checkout pages.-1] INFO  resources.base - TC2 Verified 23. Verify that you are taken to the site home page.
2018-10-15 14:21:02.373 [TestNG-test=TC#1 Checkout Header - Verify the layout of the header on the checkout pages (Shipping, Billing, Submit Order, Confirmation).-1] INFO  resources.base - TC1 Verified 4. Verify that you are taken to the Secure Checkout landing page
2018-10-15 14:21:09.740 [TestNG-test=TC#1 Checkout Header - Verify the layout of the header on the checkout pages (Shipping, Billing, Submit Order, Confirmation).-1] INFO  resources.base - TC1 Verified 11. Verify that the shipping address information you entered at the previous page is automatically populated in the billing address area
2018-10-15 14:21:09.837 [TestNG-test=TC#1 Checkout Header - Verify the layout of the header on the checkout pages (Shipping, Billing, Submit Order, Confirmation).-1] INFO  resources.base - TC1 Verified 10. At the Billing page, verify that the page header matches that from the Shipping page
2018-10-15 14:21:40.735 [TestNG-test=TC#1 Checkout Header - Verify the layout of the header on the checkout pages (Shipping, Billing, Submit Order, Confirmation).-1] INFO  resources.base - TC1 Verified 17. Verify that you are taken back to Brookstone main page
2018-10-15 14:22:52.663 [TestNG-test=TC#2 Checkout Header - Verify the functionality of header elements on the checkout pages.-1] INFO  resources.base - TC2 Verified 6: Verify that you are taken to the site home page
2018-10-15 14:23:16.265 [TestNG-test=TC#2 Checkout Header - Verify the functionality of header elements on the checkout pages.-1] INFO  resources.base - TC2 Verified 11: Verify that you are taken back to the Shopping Cart page.
2018-10-15 14:23:34.390 [TestNG-test=TC#2 Checkout Header - Verify the functionality of header elements on the checkout pages.-1] INFO  resources.base - TC2 Verified 15. Verify that you are taken to the My Account Login page.
2018-10-15 14:23:54.395 [TestNG-test=TC#2 Checkout Header - Verify the functionality of header elements on the checkout pages.-1] INFO  resources.base - TC2 Verified 15. Verify that you are taken to the My Account Login page.
2018-10-15 14:24:15.172 [TestNG-test=TC#2 Checkout Header - Verify the functionality of header elements on the checkout pages.-1] INFO  resources.base - TC2 Verified 23. Verify that you are taken to the site home page.
2018-10-15 14:25:33.796 [TestNG-test=TC#3 Checkout SubHeader - Verify the display of the checkout subheader on checkout pages (Shipping, Billing, Submit Order, Confirmation)..-1] INFO  resources.base - TC3 Verified 4. Verify that you are taken to the Secure Checkout landing page
2018-10-15 14:25:38.409 [TestNG-test=TC#3 Checkout SubHeader - Verify the display of the checkout subheader on checkout pages (Shipping, Billing, Submit Order, Confirmation)..-1] INFO  resources.base - TC3 Verified 5a). Verify the checkout heading
2018-10-15 14:25:38.479 [TestNG-test=TC#3 Checkout SubHeader - Verify the display of the checkout subheader on checkout pages (Shipping, Billing, Submit Order, Confirmation)..-1] INFO  resources.base - TC3 Verified 5b). Verify that active test is Shipping and color is blue
2018-10-15 14:25:38.542 [TestNG-test=TC#3 Checkout SubHeader - Verify the display of the checkout subheader on checkout pages (Shipping, Billing, Submit Order, Confirmation)..-1] INFO  resources.base - TC3 Verified 5b). Verify that inactive test is Billing and color is grey
2018-10-15 14:25:38.613 [TestNG-test=TC#3 Checkout SubHeader - Verify the display of the checkout subheader on checkout pages (Shipping, Billing, Submit Order, Confirmation)..-1] INFO  resources.base - TC3 Verified 5b). Verify that inactive test is Submit Order and color is grey
2018-10-15 14:25:42.956 [TestNG-test=TC#3 Checkout SubHeader - Verify the display of the checkout subheader on checkout pages (Shipping, Billing, Submit Order, Confirmation)..-1] INFO  resources.base - TC3 Verified 5a). Verify the checkout heading
2018-10-15 14:31:58.032 [TestNG-test=TC#1 Checkout Header - Verify the layout of the header on the checkout pages (Shipping, Billing, Submit Order, Confirmation).-1] INFO  resources.base - TC1 Verified 4. Verify that you are taken to the Secure Checkout landing page
2018-10-15 14:32:05.295 [TestNG-test=TC#1 Checkout Header - Verify the layout of the header on the checkout pages (Shipping, Billing, Submit Order, Confirmation).-1] INFO  resources.base - TC1 Verified 11. Verify that the shipping address information you entered at the previous page is automatically populated in the billing address area
2018-10-15 14:32:05.394 [TestNG-test=TC#1 Checkout Header - Verify the layout of the header on the checkout pages (Shipping, Billing, Submit Order, Confirmation).-1] INFO  resources.base - TC1 Verified 10. At the Billing page, verify that the page header matches that from the Shipping page
2018-10-15 14:32:33.591 [TestNG-test=TC#1 Checkout Header - Verify the layout of the header on the checkout pages (Shipping, Billing, Submit Order, Confirmation).-1] INFO  resources.base - TC1 Verified 17. Verify that you are taken back to Brookstone main page
2018-10-15 14:33:38.680 [TestNG-test=TC#2 Checkout Header - Verify the functionality of header elements on the checkout pages.-1] INFO  resources.base - TC2 Verified 6: Verify that you are taken to the site home page
2018-10-15 14:34:03.055 [TestNG-test=TC#2 Checkout Header - Verify the functionality of header elements on the checkout pages.-1] INFO  resources.base - TC2 Verified 11: Verify that you are taken back to the Shopping Cart page.
2018-10-15 14:34:24.455 [TestNG-test=TC#2 Checkout Header - Verify the functionality of header elements on the checkout pages.-1] INFO  resources.base - TC2 Verified 15. Verify that you are taken to the My Account Login page.
2018-10-15 14:34:52.468 [TestNG-test=TC#2 Checkout Header - Verify the functionality of header elements on the checkout pages.-1] INFO  resources.base - TC2 Verified 15. Verify that you are taken to the My Account Login page.
2018-10-15 14:35:14.757 [TestNG-test=TC#2 Checkout Header - Verify the functionality of header elements on the checkout pages.-1] INFO  resources.base - TC2 Verified 23. Verify that you are taken to the site home page.
2018-10-15 14:36:56.876 [TestNG-test=TC#3 Checkout SubHeader - Verify the display of the checkout subheader on checkout pages (Shipping, Billing, Submit Order, Confirmation)..-1] INFO  resources.base - TC3 Verified 4. Verify that you are taken to the Secure Checkout landing page
2018-10-15 14:37:00.399 [TestNG-test=TC#3 Checkout SubHeader - Verify the display of the checkout subheader on checkout pages (Shipping, Billing, Submit Order, Confirmation)..-1] INFO  resources.base - TC3 Verified 5a). Verify the checkout heading
2018-10-15 14:37:00.467 [TestNG-test=TC#3 Checkout SubHeader - Verify the display of the checkout subheader on checkout pages (Shipping, Billing, Submit Order, Confirmation)..-1] INFO  resources.base - TC3 Verified 5b). Verify that active test is Shipping and color is blue
2018-10-15 14:37:00.528 [TestNG-test=TC#3 Checkout SubHeader - Verify the display of the checkout subheader on checkout pages (Shipping, Billing, Submit Order, Confirmation)..-1] INFO  resources.base - TC3 Verified 5b). Verify that inactive test is Billing and color is grey
2018-10-15 14:37:00.591 [TestNG-test=TC#3 Checkout SubHeader - Verify the display of the checkout subheader on checkout pages (Shipping, Billing, Submit Order, Confirmation)..-1] INFO  resources.base - TC3 Verified 5b). Verify that inactive test is Submit Order and color is grey
2018-10-15 14:37:05.882 [TestNG-test=TC#3 Checkout SubHeader - Verify the display of the checkout subheader on checkout pages (Shipping, Billing, Submit Order, Confirmation)..-1] INFO  resources.base - TC3 Verified 5a). Verify the checkout heading
2018-10-15 14:37:05.885 [TestNG-test=TC#3 Checkout SubHeader - Verify the display of the checkout subheader on checkout pages (Shipping, Billing, Submit Order, Confirmation)..-1] INFO  resources.base - TC3 Verified 5b). Verify that active test is Shipping and color is blue
2018-10-15 14:37:05.885 [TestNG-test=TC#3 Checkout SubHeader - Verify the display of the checkout subheader on checkout pages (Shipping, Billing, Submit Order, Confirmation)..-1] INFO  resources.base - TC3 Verified 5b). Verify that inactive test is Billing and color is grey
2018-10-15 14:37:05.887 [TestNG-test=TC#3 Checkout SubHeader - Verify the display of the checkout subheader on checkout pages (Shipping, Billing, Submit Order, Confirmation)..-1] INFO  resources.base - TC3 Verified 5b). Verify that inactive test is Submit Order and color is grey
